<?xml version="1.0" encoding="UTF-8" ?>
<testsuite tests="17" failures="17" name="TestSuite" time="46.601" errors="0" skipped="0">
  <properties>
    <property name="java.runtime.name" value="OpenJDK Runtime Environment"/>
    <property name="sun.boot.library.path" value="/Library/Java/JavaVirtualMachines/adoptopenjdk-8.jdk/Contents/Home/jre/lib"/>
    <property name="java.vm.version" value="25.232-b09"/>
    <property name="gopherProxySet" value="false"/>
    <property name="java.vm.vendor" value="AdoptOpenJDK"/>
    <property name="maven.multiModuleProjectDirectory" value="/Users/aaa/Documents/GorestInterRelatedApiTest"/>
    <property name="java.vendor.url" value="http://java.oracle.com/"/>
    <property name="path.separator" value=":"/>
    <property name="guice.disable.misplaced.annotation.check" value="true"/>
    <property name="java.vm.name" value="OpenJDK 64-Bit Server VM"/>
    <property name="file.encoding.pkg" value="sun.io"/>
    <property name="user.country" value="IN"/>
    <property name="sun.java.launcher" value="SUN_STANDARD"/>
    <property name="sun.os.patch.level" value="unknown"/>
    <property name="java.vm.specification.name" value="Java Virtual Machine Specification"/>
    <property name="user.dir" value="/Users/aaa/Documents/GorestInterRelatedApiTest"/>
    <property name="java.runtime.version" value="1.8.0_232-b09"/>
    <property name="java.awt.graphicsenv" value="sun.awt.CGraphicsEnvironment"/>
    <property name="java.endorsed.dirs" value="/Library/Java/JavaVirtualMachines/adoptopenjdk-8.jdk/Contents/Home/jre/lib/endorsed"/>
    <property name="os.arch" value="x86_64"/>
    <property name="java.io.tmpdir" value="/var/folders/5_/dd8fd09s6vqcb95hrmk_h4nc0000gn/T/"/>
    <property name="line.separator" value="
"/>
    <property name="java.vm.specification.vendor" value="Oracle Corporation"/>
    <property name="os.name" value="Mac OS X"/>
    <property name="classworlds.conf" value="/usr/local/Cellar/maven/3.8.5/libexec/bin/m2.conf"/>
    <property name="sun.jnu.encoding" value="UTF-8"/>
    <property name="java.library.path" value="/Users/aaa/Library/Java/Extensions:/Library/Java/Extensions:/Network/Library/Java/Extensions:/System/Library/Java/Extensions:/usr/lib/java:."/>
    <property name="maven.conf" value="/usr/local/Cellar/maven/3.8.5/libexec/conf"/>
    <property name="java.specification.name" value="Java Platform API Specification"/>
    <property name="java.class.version" value="52.0"/>
    <property name="sun.management.compiler" value="HotSpot 64-Bit Tiered Compilers"/>
    <property name="os.version" value="10.15.7"/>
    <property name="library.jansi.path" value="/usr/local/Cellar/maven/3.8.5/libexec/lib/jansi-native"/>
    <property name="http.nonProxyHosts" value="local|*.local|169.254/16|*.169.254/16"/>
    <property name="user.home" value="/Users/aaa"/>
    <property name="user.timezone" value="Asia/Kolkata"/>
    <property name="java.awt.printerjob" value="sun.lwawt.macosx.CPrinterJob"/>
    <property name="java.specification.version" value="1.8"/>
    <property name="file.encoding" value="US-ASCII"/>
    <property name="user.name" value="aaa"/>
    <property name="java.class.path" value="/usr/local/Cellar/maven/3.8.5/libexec/boot/plexus-classworlds-2.6.0.jar"/>
    <property name="java.vm.specification.version" value="1.8"/>
    <property name="sun.arch.data.model" value="64"/>
    <property name="java.home" value="/Library/Java/JavaVirtualMachines/adoptopenjdk-8.jdk/Contents/Home/jre"/>
    <property name="sun.java.command" value="org.codehaus.plexus.classworlds.launcher.Launcher test"/>
    <property name="java.specification.vendor" value="Oracle Corporation"/>
    <property name="user.language" value="en"/>
    <property name="awt.toolkit" value="sun.lwawt.macosx.LWCToolkit"/>
    <property name="java.vm.info" value="mixed mode"/>
    <property name="java.version" value="1.8.0_232"/>
    <property name="java.ext.dirs" value="/Users/aaa/Library/Java/Extensions:/Library/Java/JavaVirtualMachines/adoptopenjdk-8.jdk/Contents/Home/jre/lib/ext:/Library/Java/Extensions:/Network/Library/Java/Extensions:/System/Library/Java/Extensions:/usr/lib/java"/>
    <property name="sun.boot.class.path" value="/Library/Java/JavaVirtualMachines/adoptopenjdk-8.jdk/Contents/Home/jre/lib/resources.jar:/Library/Java/JavaVirtualMachines/adoptopenjdk-8.jdk/Contents/Home/jre/lib/rt.jar:/Library/Java/JavaVirtualMachines/adoptopenjdk-8.jdk/Contents/Home/jre/lib/sunrsasign.jar:/Library/Java/JavaVirtualMachines/adoptopenjdk-8.jdk/Contents/Home/jre/lib/jsse.jar:/Library/Java/JavaVirtualMachines/adoptopenjdk-8.jdk/Contents/Home/jre/lib/jce.jar:/Library/Java/JavaVirtualMachines/adoptopenjdk-8.jdk/Contents/Home/jre/lib/charsets.jar:/Library/Java/JavaVirtualMachines/adoptopenjdk-8.jdk/Contents/Home/jre/lib/jfr.jar:/Library/Java/JavaVirtualMachines/adoptopenjdk-8.jdk/Contents/Home/jre/classes"/>
    <property name="java.vendor" value="AdoptOpenJDK"/>
    <property name="maven.home" value="/usr/local/Cellar/maven/3.8.5/libexec"/>
    <property name="file.separator" value="/"/>
    <property name="java.vendor.url.bug" value="http://bugreport.sun.com/bugreport/"/>
    <property name="sun.cpu.endian" value="little"/>
    <property name="sun.io.unicode.encoding" value="UnicodeBig"/>
    <property name="socksNonProxyHosts" value="local|*.local|169.254/16|*.169.254/16"/>
    <property name="ftp.nonProxyHosts" value="local|*.local|169.254/16|*.169.254/16"/>
    <property name="sun.cpu.isalist" value=""/>
  </properties>
  <testcase classname="com.liseinfotech.gorestApiTest.GorestApiTest" name="createUserThroughPost" time="3.404">
    <failure message="
Expected: is &lt;204&gt;
     but: was &lt;404&gt;" type="java.lang.AssertionError">java.lang.AssertionError: 
Expected: is &lt;204&gt;
     but: was &lt;404&gt;
	at org.hamcrest.MatcherAssert.assertThat(MatcherAssert.java:18)
	at org.hamcrest.MatcherAssert.assertThat(MatcherAssert.java:6)
	at com.liseinfotech.gorestApiTest.GorestApiTest.deleteUser(GorestApiTest.java:827)
	at com.liseinfotech.gorestApiTest.GorestApiTest.createUserThroughPost(GorestApiTest.java:47)
</failure>
    <system-out>Configuring TestNG with: org.apache.maven.surefire.testng.conf.TestNG652Configurator@1bc6a36e
</system-out>
    <system-err>SLF4J: Failed to load class &quot;org.slf4j.impl.StaticLoggerBinder&quot;.
SLF4J: Defaulting to no-operation (NOP) logger implementation
SLF4J: See http://www.slf4j.org/codes.html#StaticLoggerBinder for further details.
</system-err>
  </testcase>
  <testcase classname="com.liseinfotech.gorestApiTest.GorestApiTest" name="getUserByUserId" time="10.798">
    <failure message="
Expected: is &lt;204&gt;
     but: was &lt;404&gt;" type="java.lang.AssertionError">java.lang.AssertionError: 
Expected: is &lt;204&gt;
     but: was &lt;404&gt;
	at org.hamcrest.MatcherAssert.assertThat(MatcherAssert.java:18)
	at org.hamcrest.MatcherAssert.assertThat(MatcherAssert.java:6)
	at com.liseinfotech.gorestApiTest.GorestApiTest.deleteUser(GorestApiTest.java:827)
	at com.liseinfotech.gorestApiTest.GorestApiTest.getUserByUserId(GorestApiTest.java:83)
</failure>
  </testcase>
  <testcase classname="com.liseinfotech.gorestApiTest.GorestApiTest" name="updateUserByUserId" time="1.515">
    <failure message="
Expected: is &lt;204&gt;
     but: was &lt;404&gt;" type="java.lang.AssertionError">java.lang.AssertionError: 
Expected: is &lt;204&gt;
     but: was &lt;404&gt;
	at org.hamcrest.MatcherAssert.assertThat(MatcherAssert.java:18)
	at org.hamcrest.MatcherAssert.assertThat(MatcherAssert.java:6)
	at com.liseinfotech.gorestApiTest.GorestApiTest.deleteUser(GorestApiTest.java:827)
	at com.liseinfotech.gorestApiTest.GorestApiTest.updateUserByUserId(GorestApiTest.java:125)
</failure>
  </testcase>
  <testcase classname="com.liseinfotech.gorestApiTest.GorestApiTest" name="deleteUserByUserId" time="0.773">
    <failure message="
Expected: is &lt;204&gt;
     but: was &lt;404&gt;" type="java.lang.AssertionError">java.lang.AssertionError: 
Expected: is &lt;204&gt;
     but: was &lt;404&gt;
	at org.hamcrest.MatcherAssert.assertThat(MatcherAssert.java:18)
	at org.hamcrest.MatcherAssert.assertThat(MatcherAssert.java:6)
	at com.liseinfotech.gorestApiTest.GorestApiTest.deleteUser(GorestApiTest.java:827)
	at com.liseinfotech.gorestApiTest.GorestApiTest.deleteUserByUserId(GorestApiTest.java:153)
</failure>
  </testcase>
  <testcase classname="com.liseinfotech.gorestApiTest.GorestApiTest" name="invalidRequestThroughUsers" time="0.773">
    <failure message="A JSONArray text must start with &apos;[&apos; at 1 [character 2 line 1]" type="org.json.JSONException">org.json.JSONException: A JSONArray text must start with &apos;[&apos; at 1 [character 2 line 1]
	at org.json.JSONTokener.syntaxError(JSONTokener.java:521)
	at org.json.JSONArray.&lt;init&gt;(JSONArray.java:109)
	at org.json.JSONArray.&lt;init&gt;(JSONArray.java:162)
	at com.liseinfotech.gorestApiTest.GorestApiTest.invalidRequestThroughUsers(GorestApiTest.java:171)
</failure>
  </testcase>
  <testcase classname="com.liseinfotech.gorestApiTest.GorestApiTest" name="postsNewUser" time="1.132">
    <failure message="
Expected: is &lt;204&gt;
     but: was &lt;404&gt;" type="java.lang.AssertionError">java.lang.AssertionError: 
Expected: is &lt;204&gt;
     but: was &lt;404&gt;
	at org.hamcrest.MatcherAssert.assertThat(MatcherAssert.java:18)
	at org.hamcrest.MatcherAssert.assertThat(MatcherAssert.java:6)
	at com.liseinfotech.gorestApiTest.GorestApiTest.deleteUserByIdPosts(GorestApiTest.java:889)
	at com.liseinfotech.gorestApiTest.GorestApiTest.postsNewUser(GorestApiTest.java:209)
</failure>
    <system-out>res : {&quot;message&quot;:&quot;Authentication failed&quot;}
</system-out>
  </testcase>
  <testcase classname="com.liseinfotech.gorestApiTest.GorestApiTest" name="getPostsById" time="2.265">
    <failure message="
Expected: is &lt;204&gt;
     but: was &lt;404&gt;" type="java.lang.AssertionError">java.lang.AssertionError: 
Expected: is &lt;204&gt;
     but: was &lt;404&gt;
	at org.hamcrest.MatcherAssert.assertThat(MatcherAssert.java:18)
	at org.hamcrest.MatcherAssert.assertThat(MatcherAssert.java:6)
	at com.liseinfotech.gorestApiTest.GorestApiTest.deleteUserByIdPosts(GorestApiTest.java:889)
	at com.liseinfotech.gorestApiTest.GorestApiTest.getPostsById(GorestApiTest.java:244)
</failure>
  </testcase>
  <testcase classname="com.liseinfotech.gorestApiTest.GorestApiTest" name="updatePostsById" time="2.258">
    <failure message="
Expected: is &lt;204&gt;
     but: was &lt;404&gt;" type="java.lang.AssertionError">java.lang.AssertionError: 
Expected: is &lt;204&gt;
     but: was &lt;404&gt;
	at org.hamcrest.MatcherAssert.assertThat(MatcherAssert.java:18)
	at org.hamcrest.MatcherAssert.assertThat(MatcherAssert.java:6)
	at com.liseinfotech.gorestApiTest.GorestApiTest.deleteUserByIdPosts(GorestApiTest.java:889)
	at com.liseinfotech.gorestApiTest.GorestApiTest.updatePostsById(GorestApiTest.java:290)
</failure>
  </testcase>
  <testcase classname="com.liseinfotech.gorestApiTest.GorestApiTest" name="deletePostsById" time="1.158">
    <failure message="
Expected: is &lt;204&gt;
     but: was &lt;404&gt;" type="java.lang.AssertionError">java.lang.AssertionError: 
Expected: is &lt;204&gt;
     but: was &lt;404&gt;
	at org.hamcrest.MatcherAssert.assertThat(MatcherAssert.java:18)
	at org.hamcrest.MatcherAssert.assertThat(MatcherAssert.java:6)
	at com.liseinfotech.gorestApiTest.GorestApiTest.deleteUserByIdPosts(GorestApiTest.java:889)
	at com.liseinfotech.gorestApiTest.GorestApiTest.deletePostsById(GorestApiTest.java:319)
</failure>
  </testcase>
  <testcase classname="com.liseinfotech.gorestApiTest.GorestApiTest" name="commentsOnNewUser" time="1.525">
    <failure message="
Expected: is &lt;204&gt;
     but: was &lt;404&gt;" type="java.lang.AssertionError">java.lang.AssertionError: 
Expected: is &lt;204&gt;
     but: was &lt;404&gt;
	at org.hamcrest.MatcherAssert.assertThat(MatcherAssert.java:18)
	at org.hamcrest.MatcherAssert.assertThat(MatcherAssert.java:6)
	at com.liseinfotech.gorestApiTest.GorestApiTest.deleteCommentsUser(GorestApiTest.java:951)
	at com.liseinfotech.gorestApiTest.GorestApiTest.commentsOnNewUser(GorestApiTest.java:367)
</failure>
    <system-out>users-res : {&quot;message&quot;:&quot;Authentication failed&quot;}
post-res : {&quot;message&quot;:&quot;Authentication failed&quot;}
comm-res : {&quot;message&quot;:&quot;Authentication failed&quot;}
</system-out>
  </testcase>
  <testcase classname="com.liseinfotech.gorestApiTest.GorestApiTest" name="getCommentsByUserId" time="3.502">
    <failure message="
Expected: is &lt;204&gt;
     but: was &lt;404&gt;" type="java.lang.AssertionError">java.lang.AssertionError: 
Expected: is &lt;204&gt;
     but: was &lt;404&gt;
	at org.hamcrest.MatcherAssert.assertThat(MatcherAssert.java:18)
	at org.hamcrest.MatcherAssert.assertThat(MatcherAssert.java:6)
	at com.liseinfotech.gorestApiTest.GorestApiTest.deleteCommentsUser(GorestApiTest.java:951)
	at com.liseinfotech.gorestApiTest.GorestApiTest.getCommentsByUserId(GorestApiTest.java:420)
</failure>
    <system-out>users-res : {&quot;message&quot;:&quot;Authentication failed&quot;}
post-res : {&quot;message&quot;:&quot;Authentication failed&quot;}
</system-out>
  </testcase>
  <testcase classname="com.liseinfotech.gorestApiTest.GorestApiTest" name="updateCommentsByUserId" time="3.922">
    <failure message="
Expected: is &lt;204&gt;
     but: was &lt;404&gt;" type="java.lang.AssertionError">java.lang.AssertionError: 
Expected: is &lt;204&gt;
     but: was &lt;404&gt;
	at org.hamcrest.MatcherAssert.assertThat(MatcherAssert.java:18)
	at org.hamcrest.MatcherAssert.assertThat(MatcherAssert.java:6)
	at com.liseinfotech.gorestApiTest.GorestApiTest.deleteCommentsUser(GorestApiTest.java:951)
	at com.liseinfotech.gorestApiTest.GorestApiTest.updateCommentsByUserId(GorestApiTest.java:477)
</failure>
    <system-out>users-res : {&quot;message&quot;:&quot;Authentication failed&quot;}
post-res : {&quot;message&quot;:&quot;Authentication failed&quot;}
</system-out>
  </testcase>
  <testcase classname="com.liseinfotech.gorestApiTest.GorestApiTest" name="deleteCommentsByUserId" time="4.087">
    <failure message="
Expected: is &lt;204&gt;
     but: was &lt;404&gt;" type="java.lang.AssertionError">java.lang.AssertionError: 
Expected: is &lt;204&gt;
     but: was &lt;404&gt;
	at org.hamcrest.MatcherAssert.assertThat(MatcherAssert.java:18)
	at org.hamcrest.MatcherAssert.assertThat(MatcherAssert.java:6)
	at com.liseinfotech.gorestApiTest.GorestApiTest.deleteCommentsUser(GorestApiTest.java:951)
	at com.liseinfotech.gorestApiTest.GorestApiTest.deleteCommentsByUserId(GorestApiTest.java:518)
</failure>
    <system-out>users-res : {&quot;message&quot;:&quot;Authentication failed&quot;}
post-res : {&quot;message&quot;:&quot;Authentication failed&quot;}
</system-out>
  </testcase>
  <testcase classname="com.liseinfotech.gorestApiTest.GorestApiTest" name="todosNewUser" time="2.576">
    <failure message="
Expected: is &lt;204&gt;
     but: was &lt;404&gt;" type="java.lang.AssertionError">java.lang.AssertionError: 
Expected: is &lt;204&gt;
     but: was &lt;404&gt;
	at org.hamcrest.MatcherAssert.assertThat(MatcherAssert.java:18)
	at org.hamcrest.MatcherAssert.assertThat(MatcherAssert.java:6)
	at com.liseinfotech.gorestApiTest.GorestApiTest.deleteTodosUser(GorestApiTest.java:1013)
	at com.liseinfotech.gorestApiTest.GorestApiTest.todosNewUser(GorestApiTest.java:579)
</failure>
    <system-out>users-res : {&quot;message&quot;:&quot;Authentication failed&quot;}
post-res : {&quot;message&quot;:&quot;Authentication failed&quot;}
comm-res : {&quot;message&quot;:&quot;Authentication failed&quot;}
todos-res : {&quot;message&quot;:&quot;Authentication failed&quot;}
</system-out>
  </testcase>
  <testcase classname="com.liseinfotech.gorestApiTest.GorestApiTest" name="getTodosUserById" time="2.319">
    <failure message="
Expected: is &lt;204&gt;
     but: was &lt;404&gt;" type="java.lang.AssertionError">java.lang.AssertionError: 
Expected: is &lt;204&gt;
     but: was &lt;404&gt;
	at org.hamcrest.MatcherAssert.assertThat(MatcherAssert.java:18)
	at org.hamcrest.MatcherAssert.assertThat(MatcherAssert.java:6)
	at com.liseinfotech.gorestApiTest.GorestApiTest.deleteTodosUser(GorestApiTest.java:1013)
	at com.liseinfotech.gorestApiTest.GorestApiTest.getTodosUserById(GorestApiTest.java:643)
</failure>
    <system-out>users-res : {&quot;message&quot;:&quot;Authentication failed&quot;}
post-res : {&quot;message&quot;:&quot;Authentication failed&quot;}
comm-res : {&quot;message&quot;:&quot;Authentication failed&quot;}
</system-out>
  </testcase>
  <testcase classname="com.liseinfotech.gorestApiTest.GorestApiTest" name="updateTodosUserById" time="2.305">
    <failure message="
Expected: is &lt;204&gt;
     but: was &lt;404&gt;" type="java.lang.AssertionError">java.lang.AssertionError: 
Expected: is &lt;204&gt;
     but: was &lt;404&gt;
	at org.hamcrest.MatcherAssert.assertThat(MatcherAssert.java:18)
	at org.hamcrest.MatcherAssert.assertThat(MatcherAssert.java:6)
	at com.liseinfotech.gorestApiTest.GorestApiTest.deleteTodosUser(GorestApiTest.java:1013)
	at com.liseinfotech.gorestApiTest.GorestApiTest.updateTodosUserById(GorestApiTest.java:709)
</failure>
    <system-out>users-res : {&quot;message&quot;:&quot;Authentication failed&quot;}
post-res : {&quot;message&quot;:&quot;Authentication failed&quot;}
comm-res : {&quot;message&quot;:&quot;Authentication failed&quot;}
</system-out>
  </testcase>
  <testcase classname="com.liseinfotech.gorestApiTest.GorestApiTest" name="deleteTodosUserById" time="2.289">
    <failure message="
Expected: is &lt;204&gt;
     but: was &lt;404&gt;" type="java.lang.AssertionError">java.lang.AssertionError: 
Expected: is &lt;204&gt;
     but: was &lt;404&gt;
	at org.hamcrest.MatcherAssert.assertThat(MatcherAssert.java:18)
	at org.hamcrest.MatcherAssert.assertThat(MatcherAssert.java:6)
	at com.liseinfotech.gorestApiTest.GorestApiTest.deleteTodosUser(GorestApiTest.java:1013)
	at com.liseinfotech.gorestApiTest.GorestApiTest.deleteTodosUserById(GorestApiTest.java:763)
</failure>
    <system-out>users-res : {&quot;message&quot;:&quot;Authentication failed&quot;}
post-res : {&quot;message&quot;:&quot;Authentication failed&quot;}
comm-res : {&quot;message&quot;:&quot;Authentication failed&quot;}
</system-out>
  </testcase>
</testsuite>